<?xml version="1.0" encoding="UTF-8"?>
<testng-results skipped="0" failed="0" total="1" passed="1">
  <reporter-output>
  </reporter-output>
  <suite name="Default suite" duration-ms="21" started-at="2021-12-10T12:14:50Z" finished-at="2021-12-10T12:14:50Z">
    <groups>
    </groups>
    <test name="Default test" duration-ms="21" started-at="2021-12-10T12:14:50Z" finished-at="2021-12-10T12:14:50Z">
      <class name="SDETPROJECT26.SDETTY.DemoTest">
        <test-method status="PASS" signature="read()[pri:0, instance:SDETPROJECT26.SDETTY.DemoTest@d70c109]" name="read" duration-ms="8" started-at="2021-12-10T17:44:50Z" finished-at="2021-12-10T17:44:50Z">
          <reporter-output>
          </reporter-output>
        </test-method> <!-- read -->
      </class> <!-- SDETPROJECT26.SDETTY.DemoTest -->
    </test> <!-- Default test -->
  </suite> <!-- Default suite -->
</testng-results>
